<?xml version="1.0" encoding="UTF-8"?>
<!-- Generated by org.testng.reporters.JUnitReportReporter -->
<testsuite hostname="ITCRLPT475" failures="0" tests="4" name="Tests.Oracle_ProcurementTest" time="287.760" errors="0" timestamp="2026-01-29T16:20:44 IST" skipped="0">
  <testcase classname="Tests.Oracle_ProcurementTest" name="oracle_Procurement_Test" time="98.846"/>
  <testcase classname="Tests.Oracle_ProcurementTest" name="oracle_PurchaseOrder_Test" time="114.938"/>
  <testcase classname="Tests.Oracle_ProcurementTest" name="create_Receipt_PurchaseOrder_Test" time="34.804"/>
  <testcase classname="Tests.Oracle_ProcurementTest" name="oracle_PutAwayReceipt_Test" time="39.172"/>
</testsuite> <!-- Tests.Oracle_ProcurementTest -->
