<?xml version="1.0" encoding="UTF-8"?>
<!-- Generated by org.testng.reporters.JUnitReportReporter -->
<testsuite hostname="ITCRLPT475" failures="0" tests="2" name="Tests.Oracle_ProcurementTest" time="16.181" errors="0" timestamp="2026-01-28T12:42:15 IST" skipped="1">
  <testcase classname="Tests.Oracle_ProcurementTest" name="oracle_PurchaseOrder_Test" time="16.181"/>
  <testcase classname="Tests.Oracle_ProcurementTest" name="oracle_Procurement_Test">
    <skipped/>
  </testcase> <!-- oracle_Procurement_Test -->
</testsuite> <!-- Tests.Oracle_ProcurementTest -->
