<?xml version="1.0" encoding="UTF-8"?>
<!-- Generated by org.testng.reporters.JUnitReportReporter -->
<testsuite hostname="ITCRLPT475" failures="0" tests="2" name="Tests.Oracle_ProcurementWithoutRequisition_Test" time="366.286" errors="0" timestamp="2026-02-19T13:37:19 IST" skipped="0">
  <testcase classname="Tests.Oracle_ProcurementWithoutRequisition_Test" name="oracle_ProcurementWithout_Requisition_Test" time="180.873"/>
  <testcase classname="Tests.Oracle_ProcurementWithoutRequisition_Test" name="oracle_ProcurementWithout_Requisition_Test" time="185.413"/>
</testsuite> <!-- Tests.Oracle_ProcurementWithoutRequisition_Test -->
