<?xml version="1.0" encoding="UTF-8"?>
<!-- Generated by org.testng.reporters.JUnitReportReporter -->
<testsuite hostname="ITCRLPT475" failures="0" tests="2" name="Tests.Oracle_AR_Customer_Test" time="311.385" errors="0" timestamp="2026-02-18T18:24:05 IST" skipped="0">
  <testcase classname="Tests.Oracle_AR_Customer_Test" name="oracle_Customer_Test" time="137.800"/>
  <testcase classname="Tests.Oracle_AR_Customer_Test" name="oracle_Customer_Test" time="173.585"/>
</testsuite> <!-- Tests.Oracle_AR_Customer_Test -->
