<?xml version="1.0" encoding="UTF-8"?>
<!-- Generated by org.testng.reporters.JUnitReportReporter -->
<testsuite hostname="ITCRLPT475" failures="0" tests="2" name="Tests.CreateInvoice_With_PO_Test" time="438.184" errors="0" timestamp="2026-02-19T11:49:40 IST" skipped="0">
  <testcase classname="Tests.CreateInvoice_With_PO_Test" name="oracle_InvoiceCreation_WithPO" time="180.765"/>
  <testcase classname="Tests.CreateInvoice_With_PO_Test" name="oracle_InvoiceCreation_WithPO" time="257.419"/>
</testsuite> <!-- Tests.CreateInvoice_With_PO_Test -->
