<?xml version="1.0" encoding="UTF-8"?>
<!-- Generated by org.testng.reporters.JUnitXMLReporter -->
<testsuite ignored="8" hostname="ITCRLPT475" failures="0" tests="5" name="Oracle_AccountPayablesTest" time="1174.5" errors="0" timestamp="2026-02-18T15:17:29 IST">
  <testcase classname="Tests.CreateInvoice_With_PO_Test" name="oracle_InvoiceCreation_WithPO" time="275.951"/>
  <testcase classname="Tests.Accounting_At_Glance_Test" name="oracle_Accounting_At_Glance" time="200.258"/>
  <testcase classname="Tests.Batch_Payment_Electonic_Test" name="oracle_Batch_Payment_Electronic" time="505.849"/>
  <testcase classname="Tests.Query_Invoice_Payment_Test" name="oracle_Query_InvoicePayment" time="55.053"/>
  <testcase classname="Tests.PayableTrialBalanceReport_Test" name="oracle_Payable_Trial_Balance_Report" time="115.644"/>
  <testcase classname="Pages.TestInitializer" name="@BeforeTest setup" time="0.0">
    <ignored/>
  </testcase> <!-- @BeforeTest setup -->
  <testcase classname="Pages.TestInitializer" name="@BeforeTest setup" time="0.0">
    <ignored/>
  </testcase> <!-- @BeforeTest setup -->
  <testcase classname="Pages.TestInitializer" name="@BeforeTest setup" time="0.0">
    <ignored/>
  </testcase> <!-- @BeforeTest setup -->
  <testcase classname="Pages.TestInitializer" name="@AfterTest tearDown" time="0.0">
    <ignored/>
  </testcase> <!-- @AfterTest tearDown -->
  <testcase classname="Pages.TestInitializer" name="@AfterTest tearDown" time="0.0">
    <ignored/>
  </testcase> <!-- @AfterTest tearDown -->
  <testcase classname="Pages.TestInitializer" name="@BeforeTest setup" time="0.0">
    <ignored/>
  </testcase> <!-- @BeforeTest setup -->
  <testcase classname="Pages.TestInitializer" name="@AfterTest tearDown" time="0.0">
    <ignored/>
  </testcase> <!-- @AfterTest tearDown -->
  <testcase classname="Pages.TestInitializer" name="@AfterTest tearDown" time="0.0">
    <ignored/>
  </testcase> <!-- @AfterTest tearDown -->
</testsuite> <!-- Oracle_AccountPayablesTest -->
