<?xml version="1.0" encoding="UTF-8"?>
<!-- Generated by org.testng.reporters.JUnitXMLReporter -->
<testsuite ignored="2" hostname="ITCRLPT475" failures="0" tests="2" name="OracleInvoiceTest" time="207.18" errors="0" timestamp="2026-02-09T13:44:24 IST">
  <testcase classname="Tests.Accounting_At_Glance_Test" name="oracle_Accounting_At_Glance" time="131.252"/>
  <testcase classname="Tests.PayableTrialBalanceReport_Test" name="oracle_Payable_Trial_Balance_Report" time="61.527"/>
  <testcase classname="Pages.TestInitializer" name="@BeforeTest setup" time="0.0">
    <ignored/>
  </testcase> <!-- @BeforeTest setup -->
  <testcase classname="Pages.TestInitializer" name="@AfterTest tearDown" time="0.0">
    <ignored/>
  </testcase> <!-- @AfterTest tearDown -->
</testsuite> <!-- OracleInvoiceTest -->
