<?xml version="1.0" encoding="UTF-8"?>
<!-- Generated by org.testng.reporters.JUnitXMLReporter -->
<testsuite ignored="6" hostname="ITCRLPT475" failures="0" tests="4" name="OracleAccountReceivablesTest" time="490.242" errors="0" timestamp="2026-02-12T12:20:12 IST">
  <testcase classname="Tests.AccountReceivables_Test" name="oracle_CreateTransaction_Test" time="220.487"/>
  <testcase classname="Tests.Oracle_AR_Customer_Test" name="oracle_Customer_Test" time="122.199"/>
  <testcase classname="Tests.Oracle_AR_CreateAccountingTest" name="oracle_AR_CreateAccounting" time="89.405"/>
  <testcase classname="Tests.Oracle_AR_StandardReportTest" name="oracle_AR_StandardReport" time="43.549"/>
  <testcase classname="Pages.TestInitializer" name="@AfterTest tearDown" time="0.0">
    <ignored/>
  </testcase> <!-- @AfterTest tearDown -->
  <testcase classname="Pages.TestInitializer" name="@BeforeTest setup" time="0.0">
    <ignored/>
  </testcase> <!-- @BeforeTest setup -->
  <testcase classname="Pages.TestInitializer" name="@AfterTest tearDown" time="0.0">
    <ignored/>
  </testcase> <!-- @AfterTest tearDown -->
  <testcase classname="Pages.TestInitializer" name="@AfterTest tearDown" time="0.0">
    <ignored/>
  </testcase> <!-- @AfterTest tearDown -->
  <testcase classname="Pages.TestInitializer" name="@BeforeTest setup" time="0.0">
    <ignored/>
  </testcase> <!-- @BeforeTest setup -->
  <testcase classname="Pages.TestInitializer" name="@BeforeTest setup" time="0.0">
    <ignored/>
  </testcase> <!-- @BeforeTest setup -->
</testsuite> <!-- OracleAccountReceivablesTest -->
