<?xml version="1.0" encoding="UTF-8"?>
<!-- Generated by org.testng.reporters.JUnitXMLReporter -->
<testsuite ignored="2" hostname="ITCRLPT475" failures="0" tests="2" name="OracleBankStatement_AssetsTest" time="117.844" errors="0" timestamp="2026-02-16T11:21:44 IST">
  <testcase classname="Tests.Create_BankStatement_Test" name="OracleCreate_BankStatement" time="55.722"/>
  <testcase classname="Tests.BankStatement_Reconciliation_Test" name="OracleReconciliation_BankStatement" time="48.045"/>
  <testcase classname="Pages.TestInitializer" name="@BeforeTest setup" time="0.0">
    <ignored/>
  </testcase> <!-- @BeforeTest setup -->
  <testcase classname="Pages.TestInitializer" name="@AfterTest tearDown" time="0.0">
    <ignored/>
  </testcase> <!-- @AfterTest tearDown -->
</testsuite> <!-- OracleBankStatement_AssetsTest -->
