<?xml version="1.0" encoding="UTF-8"?>
<!-- Generated by org.testng.reporters.JUnitXMLReporter -->
<testsuite ignored="6" hostname="ITCRLPT475" failures="0" tests="4" name="OracleBankStatement_AssetsTest" time="459.945" errors="0" timestamp="2026-02-17T15:40:39 IST">
  <testcase classname="Tests.Create_BankStatement_Test" name="OracleCreate_BankStatement" time="62.089"/>
  <testcase classname="Tests.BankStatement_Reconciliation_Test" name="OracleReconciliation_BankStatement" time="64.899"/>
  <testcase classname="Tests.Accounting_Journal_Test" name="oracle_Accounting_Journal_Test" time="174.551"/>
  <testcase classname="Tests.Fixed_Assets_Test" name="oracle_Fixed_Assets_Test" time="140.354"/>
  <testcase classname="Pages.TestInitializer" name="@BeforeTest setup" time="0.0">
    <ignored/>
  </testcase> <!-- @BeforeTest setup -->
  <testcase classname="Pages.TestInitializer" name="@AfterTest tearDown" time="0.0">
    <ignored/>
  </testcase> <!-- @AfterTest tearDown -->
  <testcase classname="Pages.TestInitializer" name="@AfterTest tearDown" time="0.0">
    <ignored/>
  </testcase> <!-- @AfterTest tearDown -->
  <testcase classname="Pages.TestInitializer" name="@AfterTest tearDown" time="0.0">
    <ignored/>
  </testcase> <!-- @AfterTest tearDown -->
  <testcase classname="Pages.TestInitializer" name="@BeforeTest setup" time="0.0">
    <ignored/>
  </testcase> <!-- @BeforeTest setup -->
  <testcase classname="Pages.TestInitializer" name="@BeforeTest setup" time="0.0">
    <ignored/>
  </testcase> <!-- @BeforeTest setup -->
</testsuite> <!-- OracleBankStatement_AssetsTest -->
