<?xml version="1.0" encoding="UTF-8"?>
<!-- Generated by org.testng.reporters.JUnitXMLReporter -->
<testsuite ignored="10" hostname="ITCRLPT475" failures="1" tests="6" name="Oracle_AccountPayablesTest" time="1038.132" errors="0" timestamp="2026-02-12T16:31:30 IST">
  <testcase classname="Tests.CreateInvoice_withoutPO_Test" name="oracle_InvoiceCreation_WithoutPO" time="320.718"/>
  <testcase classname="Tests.CreateInvoice_With_PO_Test" name="oracle_InvoiceCreation_WithPO" time="160.809"/>
  <testcase classname="Tests.Accounting_At_Glance_Test" name="oracle_Accounting_At_Glance" time="191.47"/>
  <testcase classname="Tests.PayableTrialBalanceReport_Test" name="oracle_Payable_Trial_Balance_Report" time="67.074">
    <failure type="org.openqa.selenium.ElementNotInteractableException" message="element not interactable
  (Session info: chrome=144.0.7559.133)
Build info: version: &amp;apos;4.34.0&amp;apos;, revision: &amp;apos;707dcb4246*&amp;apos;
System info: os.name: &amp;apos;Windows 11&amp;apos;, os.arch: &amp;apos;amd64&amp;apos;, os.version: &amp;apos;10.0&amp;apos;, java.version: &amp;apos;23.0.2&amp;apos;
Driver info: org.openqa.selenium.chrome.ChromeDriver
Command: [f733f1e1efb8df66e0ad55a0c670f1bd, clickElement {id=f.2759AC397F5D5BC64B598A0C719D179F.d.0A5B14550AB8B6054F4F61124688F57B.e.3107}]
Capabilities {acceptInsecureCerts: false, browserName: chrome, browserVersion: 144.0.7559.133, chrome: {chromedriverVersion: 144.0.7559.133 (7da823b1d59..., userDataDir: C:\Users\PHANIK~1\AppData\L...}, fedcm:accounts: true, goog:chromeOptions: {debuggerAddress: localhost:58467}, goog:processID: 7184, networkConnectionEnabled: false, pageLoadStrategy: normal, platformName: windows, proxy: Proxy(), se:cdp: ws://localhost:58467/devtoo..., se:cdpVersion: 144.0.7559.133, setWindowRect: true, strictFileInteractability: false, timeouts: {implicit: 0, pageLoad: 300000, script: 30000}, unhandledPromptBehavior: dismiss and notify, webauthn:extension:credBlob: true, webauthn:extension:largeBlob: true, webauthn:extension:minPinLength: true, webauthn:extension:prf: true, webauthn:virtualAuthenticators: true}
Element: [[ChromeDriver: chrome on windows (f733f1e1efb8df66e0ad55a0c670f1bd)] -&amp;gt; xpath: //button[text()=&amp;apos;Search&amp;apos;]]
Session ID: f733f1e1efb8df66e0ad55a0c670f1bd">
      <![CDATA[org.openqa.selenium.ElementNotInteractableException: element not interactable
  (Session info: chrome=144.0.7559.133)
Build info: version: '4.34.0', revision: '707dcb4246*'
System info: os.name: 'Windows 11', os.arch: 'amd64', os.version: '10.0', java.version: '23.0.2'
Driver info: org.openqa.selenium.chrome.ChromeDriver
Command: [f733f1e1efb8df66e0ad55a0c670f1bd, clickElement {id=f.2759AC397F5D5BC64B598A0C719D179F.d.0A5B14550AB8B6054F4F61124688F57B.e.3107}]
Capabilities {acceptInsecureCerts: false, browserName: chrome, browserVersion: 144.0.7559.133, chrome: {chromedriverVersion: 144.0.7559.133 (7da823b1d59..., userDataDir: C:\Users\PHANIK~1\AppData\L...}, fedcm:accounts: true, goog:chromeOptions: {debuggerAddress: localhost:58467}, goog:processID: 7184, networkConnectionEnabled: false, pageLoadStrategy: normal, platformName: windows, proxy: Proxy(), se:cdp: ws://localhost:58467/devtoo..., se:cdpVersion: 144.0.7559.133, setWindowRect: true, strictFileInteractability: false, timeouts: {implicit: 0, pageLoad: 300000, script: 30000}, unhandledPromptBehavior: dismiss and notify, webauthn:extension:credBlob: true, webauthn:extension:largeBlob: true, webauthn:extension:minPinLength: true, webauthn:extension:prf: true, webauthn:virtualAuthenticators: true}
Element: [[ChromeDriver: chrome on windows (f733f1e1efb8df66e0ad55a0c670f1bd)] -> xpath: //button[text()='Search']]
Session ID: f733f1e1efb8df66e0ad55a0c670f1bd
at org.openqa.selenium.remote.ErrorCodec.decode(ErrorCodec.java:167)
at org.openqa.selenium.remote.codec.w3c.W3CHttpResponseCodec.decode(W3CHttpResponseCodec.java:138)
at org.openqa.selenium.remote.codec.w3c.W3CHttpResponseCodec.decode(W3CHttpResponseCodec.java:50)
at org.openqa.selenium.remote.HttpCommandExecutor.execute(HttpCommandExecutor.java:215)
at org.openqa.selenium.remote.service.DriverCommandExecutor.invokeExecute(DriverCommandExecutor.java:216)
at org.openqa.selenium.remote.service.DriverCommandExecutor.execute(DriverCommandExecutor.java:174)
at org.openqa.selenium.remote.RemoteWebDriver.execute(RemoteWebDriver.java:544)
at org.openqa.selenium.remote.RemoteWebElement.execute(RemoteWebElement.java:223)
at org.openqa.selenium.remote.RemoteWebElement.click(RemoteWebElement.java:76)
at Pages.Oracle_AccountingAtGlance.clickSearchBtn(Oracle_AccountingAtGlance.java:130)
at Tests.PayableTrialBalanceReport_Test.oracle_Payable_Trial_Balance_Report(PayableTrialBalanceReport_Test.java:69)
at java.base/java.util.ArrayList.forEach(ArrayList.java:1597)
... Removed 28 stack frames]]>
    </failure>
  </testcase> <!-- oracle_Payable_Trial_Balance_Report -->
  <testcase classname="Tests.Batch_Payment_Electonic_Test" name="oracle_Batch_Payment_Electronic" time="229.764"/>
  <testcase classname="Tests.OldQuery_Invoice_Payment_Test" name="oracle_Query_InvoicePayment" time="53.658"/>
  <testcase classname="Pages.TestInitializer" name="@AfterTest tearDown" time="0.0">
    <ignored/>
  </testcase> <!-- @AfterTest tearDown -->
  <testcase classname="Pages.TestInitializer" name="@BeforeTest setup" time="0.0">
    <ignored/>
  </testcase> <!-- @BeforeTest setup -->
  <testcase classname="Pages.TestInitializer" name="@AfterTest tearDown" time="0.0">
    <ignored/>
  </testcase> <!-- @AfterTest tearDown -->
  <testcase classname="Pages.TestInitializer" name="@AfterTest tearDown" time="0.0">
    <ignored/>
  </testcase> <!-- @AfterTest tearDown -->
  <testcase classname="Pages.TestInitializer" name="@BeforeTest setup" time="0.0">
    <ignored/>
  </testcase> <!-- @BeforeTest setup -->
  <testcase classname="Pages.TestInitializer" name="@BeforeTest setup" time="0.0">
    <ignored/>
  </testcase> <!-- @BeforeTest setup -->
  <testcase classname="Pages.TestInitializer" name="@AfterTest tearDown" time="0.0">
    <ignored/>
  </testcase> <!-- @AfterTest tearDown -->
  <testcase classname="Pages.TestInitializer" name="@AfterTest tearDown" time="0.0">
    <ignored/>
  </testcase> <!-- @AfterTest tearDown -->
  <testcase classname="Pages.TestInitializer" name="@BeforeTest setup" time="0.0">
    <ignored/>
  </testcase> <!-- @BeforeTest setup -->
  <testcase classname="Pages.TestInitializer" name="@BeforeTest setup" time="0.0">
    <ignored/>
  </testcase> <!-- @BeforeTest setup -->
</testsuite> <!-- Oracle_AccountPayablesTest -->
