<?xml version="1.0" encoding="UTF-8"?>
<!-- Generated by org.testng.reporters.JUnitXMLReporter -->
<testsuite ignored="2" hostname="ITCRLPT475" failures="0" tests="4" name="OracleProcurementTest" time="1119.632" errors="0" timestamp="2026-02-19T13:37:19 IST">
  <testcase classname="Tests.Oracle_ProcurementTest" name="oracle_Procurement_Test" time="380.502"/>
  <testcase classname="Tests.Oracle_ProcurementTest" name="oracle_Procurement_Test" time="354.72"/>
  <testcase classname="Tests.Oracle_ProcurementWithoutRequisition_Test" name="oracle_ProcurementWithout_Requisition_Test" time="185.413"/>
  <testcase classname="Tests.Oracle_ProcurementWithoutRequisition_Test" name="oracle_ProcurementWithout_Requisition_Test" time="180.873"/>
  <testcase classname="Pages.TestInitializer" name="@BeforeTest setup" time="0.0">
    <ignored/>
  </testcase> <!-- @BeforeTest setup -->
  <testcase classname="Pages.TestInitializer" name="@AfterTest tearDown" time="0.0">
    <ignored/>
  </testcase> <!-- @AfterTest tearDown -->
</testsuite> <!-- OracleProcurementTest -->
