<?xml version="1.0" encoding="UTF-8"?>
<!-- Generated by org.testng.reporters.JUnitXMLReporter -->
<testsuite ignored="2" hostname="ITCRLPT475" failures="0" tests="2" name="OracleProcurementTest" time="589.406" errors="0" timestamp="2026-02-18T11:00:27 IST">
  <testcase classname="Tests.Oracle_ProcurementTest" name="oracle_Procurement_Test" time="392.6"/>
  <testcase classname="Tests.Oracle_ProcurementWithoutRequisition_Test" name="oracle_ProcurementWithout_Requisition_Test" time="179.269"/>
  <testcase classname="Pages.TestInitializer" name="@BeforeTest setup" time="0.0">
    <ignored/>
  </testcase> <!-- @BeforeTest setup -->
  <testcase classname="Pages.TestInitializer" name="@AfterTest tearDown" time="0.0">
    <ignored/>
  </testcase> <!-- @AfterTest tearDown -->
</testsuite> <!-- OracleProcurementTest -->
