<?xml version="1.0" encoding="UTF-8"?>
<!-- Generated by org.testng.reporters.JUnitXMLReporter -->
<testsuite ignored="8" hostname="ITCRLPT475" failures="1" tests="5" name="OracleInvoiceTest" time="944.724" errors="0" timestamp="2026-02-12T16:03:46 IST">
  <testcase classname="Tests.CreateInvoice_withoutPO_Test" name="oracle_InvoiceCreation_WithoutPO" time="311.197"/>
  <testcase classname="Tests.CreateInvoice_With_PO_Test" name="oracle_InvoiceCreation_WithPO" time="212.422"/>
  <testcase classname="Tests.Batch_Payment_Electonic_Test" name="oracle_Batch_Payment_Electronic" time="157.322">
    <failure type="org.openqa.selenium.ElementClickInterceptedException" message="element click intercepted: Element &amp;lt;a id=&amp;quot;_FOpt1:_UIShome&amp;quot; title=&amp;quot;Home&amp;quot; class=&amp;quot;svg-glob xko p_AFIconOnly&amp;quot; onclick=&amp;quot;this.focus();return false;&amp;quot; href=&amp;quot;#&amp;quot;&amp;gt;...&amp;lt;/a&amp;gt; is not clickable at point (1668, 7). Other element would receive the click: &amp;lt;div class=&amp;quot;AFModalGlassPane&amp;quot; style=&amp;quot;width: 1897px; height: 887px; user-select: none; z-index: 128;&amp;quot;&amp;gt;&amp;lt;/div&amp;gt;
  (Session info: chrome=144.0.7559.133)
Build info: version: &amp;apos;4.34.0&amp;apos;, revision: &amp;apos;707dcb4246*&amp;apos;
System info: os.name: &amp;apos;Windows 11&amp;apos;, os.arch: &amp;apos;amd64&amp;apos;, os.version: &amp;apos;10.0&amp;apos;, java.version: &amp;apos;23.0.2&amp;apos;
Driver info: org.openqa.selenium.chrome.ChromeDriver
Command: [264b1d94a7b259cb7f0119588e30cf09, clickElement {id=f.A1D384643ABBFDDA6A1330FA489134D6.d.8521F06B901F888A64C0805879E0AB05.e.3634}]
Capabilities {acceptInsecureCerts: false, browserName: chrome, browserVersion: 144.0.7559.133, chrome: {chromedriverVersion: 144.0.7559.133 (7da823b1d59..., userDataDir: C:\Users\PHANIK~1\AppData\L...}, fedcm:accounts: true, goog:chromeOptions: {debuggerAddress: localhost:50318}, goog:processID: 22952, networkConnectionEnabled: false, pageLoadStrategy: normal, platformName: windows, proxy: Proxy(), se:cdp: ws://localhost:50318/devtoo..., se:cdpVersion: 144.0.7559.133, setWindowRect: true, strictFileInteractability: false, timeouts: {implicit: 0, pageLoad: 300000, script: 30000}, unhandledPromptBehavior: dismiss and notify, webauthn:extension:credBlob: true, webauthn:extension:largeBlob: true, webauthn:extension:minPinLength: true, webauthn:extension:prf: true, webauthn:virtualAuthenticators: true}
Element: [[ChromeDriver: chrome on windows (264b1d94a7b259cb7f0119588e30cf09)] -&amp;gt; xpath: //a[@id=&amp;apos;_FOpt1:_UIShome&amp;apos;]]
Session ID: 264b1d94a7b259cb7f0119588e30cf09">
      <![CDATA[org.openqa.selenium.ElementClickInterceptedException: element click intercepted: Element <a id="_FOpt1:_UIShome" title="Home" class="svg-glob xko p_AFIconOnly" onclick="this.focus();return false;" href="#">...</a> is not clickable at point (1668, 7). Other element would receive the click: <div class="AFModalGlassPane" style="width: 1897px; height: 887px; user-select: none; z-index: 128;"></div>
  (Session info: chrome=144.0.7559.133)
Build info: version: '4.34.0', revision: '707dcb4246*'
System info: os.name: 'Windows 11', os.arch: 'amd64', os.version: '10.0', java.version: '23.0.2'
Driver info: org.openqa.selenium.chrome.ChromeDriver
Command: [264b1d94a7b259cb7f0119588e30cf09, clickElement {id=f.A1D384643ABBFDDA6A1330FA489134D6.d.8521F06B901F888A64C0805879E0AB05.e.3634}]
Capabilities {acceptInsecureCerts: false, browserName: chrome, browserVersion: 144.0.7559.133, chrome: {chromedriverVersion: 144.0.7559.133 (7da823b1d59..., userDataDir: C:\Users\PHANIK~1\AppData\L...}, fedcm:accounts: true, goog:chromeOptions: {debuggerAddress: localhost:50318}, goog:processID: 22952, networkConnectionEnabled: false, pageLoadStrategy: normal, platformName: windows, proxy: Proxy(), se:cdp: ws://localhost:50318/devtoo..., se:cdpVersion: 144.0.7559.133, setWindowRect: true, strictFileInteractability: false, timeouts: {implicit: 0, pageLoad: 300000, script: 30000}, unhandledPromptBehavior: dismiss and notify, webauthn:extension:credBlob: true, webauthn:extension:largeBlob: true, webauthn:extension:minPinLength: true, webauthn:extension:prf: true, webauthn:virtualAuthenticators: true}
Element: [[ChromeDriver: chrome on windows (264b1d94a7b259cb7f0119588e30cf09)] -> xpath: //a[@id='_FOpt1:_UIShome']]
Session ID: 264b1d94a7b259cb7f0119588e30cf09
at org.openqa.selenium.remote.ErrorCodec.decode(ErrorCodec.java:167)
at org.openqa.selenium.remote.codec.w3c.W3CHttpResponseCodec.decode(W3CHttpResponseCodec.java:138)
at org.openqa.selenium.remote.codec.w3c.W3CHttpResponseCodec.decode(W3CHttpResponseCodec.java:50)
at org.openqa.selenium.remote.HttpCommandExecutor.execute(HttpCommandExecutor.java:215)
at org.openqa.selenium.remote.service.DriverCommandExecutor.invokeExecute(DriverCommandExecutor.java:216)
at org.openqa.selenium.remote.service.DriverCommandExecutor.execute(DriverCommandExecutor.java:174)
at org.openqa.selenium.remote.RemoteWebDriver.execute(RemoteWebDriver.java:544)
at org.openqa.selenium.remote.RemoteWebElement.execute(RemoteWebElement.java:223)
at org.openqa.selenium.remote.RemoteWebElement.click(RemoteWebElement.java:76)
at Pages.Oracle_InvoicePage.clickHomeFromInvoicePage(Oracle_InvoicePage.java:774)
at Tests.Batch_Payment_Electonic_Test.createInvoice(Batch_Payment_Electonic_Test.java:324)
at Tests.Batch_Payment_Electonic_Test.oracle_Batch_Payment_Electronic(Batch_Payment_Electonic_Test.java:28)
at java.base/java.util.ArrayList.forEach(ArrayList.java:1597)
... Removed 28 stack frames]]>
    </failure>
  </testcase> <!-- oracle_Batch_Payment_Electronic -->
  <testcase classname="Tests.Accounting_At_Glance_Test" name="oracle_Accounting_At_Glance" time="183.495"/>
  <testcase classname="Tests.PayableTrialBalanceReport_Test" name="oracle_Payable_Trial_Balance_Report" time="64.234"/>
  <testcase classname="Pages.TestInitializer" name="@AfterTest tearDown" time="0.0">
    <ignored/>
  </testcase> <!-- @AfterTest tearDown -->
  <testcase classname="Pages.TestInitializer" name="@BeforeTest setup" time="0.0">
    <ignored/>
  </testcase> <!-- @BeforeTest setup -->
  <testcase classname="Pages.TestInitializer" name="@AfterTest tearDown" time="0.0">
    <ignored/>
  </testcase> <!-- @AfterTest tearDown -->
  <testcase classname="Pages.TestInitializer" name="@BeforeTest setup" time="0.0">
    <ignored/>
  </testcase> <!-- @BeforeTest setup -->
  <testcase classname="Pages.TestInitializer" name="@AfterTest tearDown" time="0.0">
    <ignored/>
  </testcase> <!-- @AfterTest tearDown -->
  <testcase classname="Pages.TestInitializer" name="@AfterTest tearDown" time="0.0">
    <ignored/>
  </testcase> <!-- @AfterTest tearDown -->
  <testcase classname="Pages.TestInitializer" name="@BeforeTest setup" time="0.0">
    <ignored/>
  </testcase> <!-- @BeforeTest setup -->
  <testcase classname="Pages.TestInitializer" name="@BeforeTest setup" time="0.0">
    <ignored/>
  </testcase> <!-- @BeforeTest setup -->
</testsuite> <!-- OracleInvoiceTest -->
