<?xml version="1.0" encoding="UTF-8"?>
<testng-results ignored="0" total="1" passed="0" failed="1" skipped="0">
  <reporter-output>
  </reporter-output>
  <suite started-at="2026-02-06T16:04:52 IST" name="Default suite" finished-at="2026-02-06T16:07:15 IST" duration-ms="143124">
    <groups>
    </groups>
    <test started-at="2026-02-06T16:04:52 IST" name="Default test" finished-at="2026-02-06T16:07:15 IST" duration-ms="143124">
      <class name="Tests.Accounting_At_Glance_Test">
        <test-method is-config="true" signature="setup(java.lang.String)[pri:0, instance:Tests.Accounting_At_Glance_Test@72c28d64]" started-at="2026-02-06T16:04:52 IST" name="setup" description="Setup and Login To Browser" finished-at="2026-02-06T16:05:05 IST" duration-ms="13089" status="PASS">
          <params>
            <param index="0">
              <value>
                <![CDATA[OraclePage.html]]>
              </value>
            </param>
          </params>
          <reporter-output>
          </reporter-output>
        </test-method> <!-- setup -->
        <test-method signature="oracle_Accounting_At_Glance()[pri:0, instance:Tests.Accounting_At_Glance_Test@72c28d64]" started-at="2026-02-06T16:05:05 IST" name="oracle_Accounting_At_Glance" finished-at="2026-02-06T16:07:15 IST" duration-ms="129519" status="FAIL">
          <exception class="org.openqa.selenium.NoSuchFrameException">
            <message>
              <![CDATA[No frame element found by name or id xnb p_AFFlow
Build info: version: '4.34.0', revision: '707dcb4246*'
System info: os.name: 'Windows 11', os.arch: 'amd64', os.version: '10.0', java.version: '23.0.2'
Driver info: driver.version: unknown]]>
            </message>
            <full-stacktrace>
              <![CDATA[org.openqa.selenium.NoSuchFrameException: No frame element found by name or id xnb p_AFFlow
Build info: version: '4.34.0', revision: '707dcb4246*'
System info: os.name: 'Windows 11', os.arch: 'amd64', os.version: '10.0', java.version: '23.0.2'
Driver info: driver.version: unknown
at org.openqa.selenium.remote.RemoteWebDriver$RemoteTargetLocator.frame(RemoteWebDriver.java:1110)
at Pages.Oracle_AccountingAtGlance.clickXMLDataBtn(Oracle_AccountingAtGlance.java:396)
at Tests.Accounting_At_Glance_Test.oracle_Accounting_At_Glance(Accounting_At_Glance_Test.java:151)
at java.base/jdk.internal.reflect.DirectMethodHandleAccessor.invoke(DirectMethodHandleAccessor.java:103)
at java.base/java.lang.reflect.Method.invoke(Method.java:580)
at org.testng.internal.invokers.MethodInvocationHelper.invokeMethod(MethodInvocationHelper.java:141)
at org.testng.internal.invokers.TestInvoker.invokeMethod(TestInvoker.java:687)
at org.testng.internal.invokers.TestInvoker.invokeTestMethod(TestInvoker.java:230)
at org.testng.internal.invokers.MethodRunner.runInSequence(MethodRunner.java:63)
at org.testng.internal.invokers.TestInvoker$MethodInvocationAgent.invoke(TestInvoker.java:995)
at org.testng.internal.invokers.TestInvoker.invokeTestMethods(TestInvoker.java:203)
at org.testng.internal.invokers.TestMethodWorker.invokeTestMethods(TestMethodWorker.java:154)
at org.testng.internal.invokers.TestMethodWorker.run(TestMethodWorker.java:134)
at java.base/java.util.ArrayList.forEach(ArrayList.java:1597)
at org.testng.TestRunner.privateRun(TestRunner.java:741)
at org.testng.TestRunner.run(TestRunner.java:616)
at org.testng.SuiteRunner.runTest(SuiteRunner.java:421)
at org.testng.SuiteRunner.runSequentially(SuiteRunner.java:413)
at org.testng.SuiteRunner.privateRun(SuiteRunner.java:373)
at org.testng.SuiteRunner.run(SuiteRunner.java:312)
at org.testng.SuiteRunnerWorker.runSuite(SuiteRunnerWorker.java:52)
at org.testng.SuiteRunnerWorker.run(SuiteRunnerWorker.java:95)
at org.testng.TestNG.runSuitesSequentially(TestNG.java:1274)
at org.testng.TestNG.runSuitesLocally(TestNG.java:1208)
at org.testng.TestNG.runSuites(TestNG.java:1112)
at org.testng.TestNG.run(TestNG.java:1079)
at org.testng.remote.AbstractRemoteTestNG.run(AbstractRemoteTestNG.java:115)
at org.testng.remote.RemoteTestNG.initAndRun(RemoteTestNG.java:293)
at org.testng.remote.RemoteTestNG.main(RemoteTestNG.java:91)
]]>
            </full-stacktrace>
          </exception> <!-- org.openqa.selenium.NoSuchFrameException -->
          <reporter-output>
          </reporter-output>
        </test-method> <!-- oracle_Accounting_At_Glance -->
        <test-method is-config="true" signature="tearDown()[pri:0, instance:Tests.Accounting_At_Glance_Test@72c28d64]" started-at="2026-02-06T16:07:15 IST" name="tearDown" description="Quit Browser" finished-at="2026-02-06T16:07:15 IST" duration-ms="467" status="PASS">
          <reporter-output>
          </reporter-output>
        </test-method> <!-- tearDown -->
      </class> <!-- Tests.Accounting_At_Glance_Test -->
    </test> <!-- Default test -->
  </suite> <!-- Default suite -->
</testng-results>
