<?xml version="1.0" encoding="UTF-8"?>
<!-- Generated by org.testng.reporters.JUnitXMLReporter -->
<testsuite ignored="2" hostname="ITCRLPT475" failures="0" tests="1" name="Default test" time="54.685" errors="0" timestamp="2026-01-29T11:04:38 IST">
  <testcase classname="Tests.Oracle_ProcurementTest" name="create_Receipt_PurchaseOrder_Test" time="36.522"/>
  <testcase classname="Tests.Oracle_ProcurementTest" name="oracle_Procurement_Test" time="0.0">
    <ignored/>
  </testcase> <!-- oracle_Procurement_Test -->
  <testcase classname="Tests.Oracle_ProcurementTest" name="oracle_PurchaseOrder_Test" time="0.0">
    <ignored/>
  </testcase> <!-- oracle_PurchaseOrder_Test -->
</testsuite> <!-- Default test -->
