<?xml version="1.0" encoding="UTF-8"?>
<!-- Generated by org.testng.reporters.JUnitXMLReporter -->
<testsuite ignored="0" hostname="ITCRLPT475" failures="0" tests="4" name="Default test" time="344.406" errors="0" timestamp="2026-01-29T14:00:11 IST">
  <testcase classname="Tests.Oracle_ProcurementTest" name="oracle_Procurement_Test" time="111.105"/>
  <testcase classname="Tests.Oracle_ProcurementTest" name="oracle_PurchaseOrder_Test" time="135.82"/>
  <testcase classname="Tests.Oracle_ProcurementTest" name="create_Receipt_PurchaseOrder_Test" time="38.004"/>
  <testcase classname="Tests.Oracle_ProcurementTest" name="oracle_PutAwayReceipt_Test" time="41.722"/>
</testsuite> <!-- Default test -->
